Wed May 15 15:10:52 CEST 2019 : Apache Derby Network Server - 10.15.1.3 - (1853019) started and ready to accept connections on port 1527
----------------------------------------------------------------
Wed May 15 15:11:03 CEST 2019:
Booting Derby version The Apache Software Foundation - Apache Derby - 10.15.1.3 - (1853019): instance a816c00e-016a-bb9d-f453-0000732d8b19 
on database directory D:\Studium\SS4\SWP4VO\Java programs\SWP4_NIEDERMAYR_UE04\Persons with class loader jdk.internal.loader.ClassLoaders$AppClassLoader@77556fd 
Loaded from file:/D:/Studium/SS4/SWP4VO/Java%20programs/SWP4_NIEDERMAYR_UE04/lib/derby.jar
java.vendor=Oracle Corporation
user.dir=D:\Studium\SS4\SWP4VO\Java programs\SWP4_NIEDERMAYR_UE04
os.name=Windows 10
os.arch=amd64
os.version=10.0
derby.system.home=D:\Studium\SS4\SWP4VO\Java programs\SWP4_NIEDERMAYR_UE04
Database Class Loader started - derby.database.classpath=''
----------------------------------------------------------------
Wed May 15 15:11:23 CEST 2019:
Booting Derby version The Apache Software Foundation - Apache Derby - 10.15.1.3 - (1853019): instance 20e1c02b-016a-bb9d-f453-0000732d8b19 
on database directory D:\Studium\SS4\SWP4VO\Java programs\SWP4_NIEDERMAYR_UE04\swp4 with class loader jdk.internal.loader.ClassLoaders$AppClassLoader@77556fd 
Loaded from file:/D:/Studium/SS4/SWP4VO/Java%20programs/SWP4_NIEDERMAYR_UE04/lib/derby.jar
java.vendor=Oracle Corporation
user.dir=D:\Studium\SS4\SWP4VO\Java programs\SWP4_NIEDERMAYR_UE04
os.name=Windows 10
os.arch=amd64
os.version=10.0
derby.system.home=D:\Studium\SS4\SWP4VO\Java programs\SWP4_NIEDERMAYR_UE04
Database Class Loader started - derby.database.classpath=''
